Found 2 file(s)
GSE47460-GPL14550_series_matrix.txt.gz
Annotation GPL not available, so will use submitter GPL instead
GSE47460-GPL6480_series_matrix.txt.gz
n platforms: 2 

=========== gset[[ 1 ]] : GPL14550 ===========
dim: 15261 429 
 [1] "title"                         "geo_accession"                
 [3] "status"                        "submission_date"              
 [5] "last_update_date"              "type"                         
 [7] "channel_count"                 "source_name_ch1"              
 [9] "organism_ch1"                  "characteristics_ch1"          
[11] "characteristics_ch1.1"         "characteristics_ch1.2"        
[13] "characteristics_ch1.3"         "characteristics_ch1.4"        
[15] "characteristics_ch1.5"         "characteristics_ch1.6"        
[17] "characteristics_ch1.7"         "characteristics_ch1.8"        
[19] "characteristics_ch1.9"         "characteristics_ch1.10"       
[21] "characteristics_ch1.11"        "molecule_ch1"                 
[23] "extract_protocol_ch1"          "label_ch1"                    
[25] "label_protocol_ch1"            "taxid_ch1"                    
[27] "hyb_protocol"                  "scan_protocol"                
[29] "data_processing"               "platform_id"                  
[31] "contact_name"                  "contact_email"                
[33] "contact_phone"                 "contact_department"           
[35] "contact_institute"             "contact_address"              
[37] "contact_city"                  "contact_state"                
[39] "contact_zip/postal_code"       "contact_country"              
[41] "supplementary_file"            "data_row_count"               
[43] "%emphysema (f-950):ch1"        "%predicted dlco:ch1"          
[45] "%predicted fev1 (post-bd):ch1" "%predicted fev1 (pre-bd):ch1" 
[47] "%predicted fvc (post-bd):ch1"  "%predicted fvc (pre-bd):ch1"  
[49] "age:ch1"                       "disease state:ch1"            
[51] "gold stage:ch1"                "ild subtype:ch1"              
[53] "pneumocystis colonization:ch1" "Sex:ch1"                      
[55] "smoker?:ch1"                  

=========== gset[[ 2 ]] : GPL6480 ===========
dim: 15261 153 
 [1] "title"                         "geo_accession"                
 [3] "status"                        "submission_date"              
 [5] "last_update_date"              "type"                         
 [7] "channel_count"                 "source_name_ch1"              
 [9] "organism_ch1"                  "characteristics_ch1"          
[11] "characteristics_ch1.1"         "characteristics_ch1.2"        
[13] "characteristics_ch1.3"         "characteristics_ch1.4"        
[15] "characteristics_ch1.5"         "characteristics_ch1.6"        
[17] "characteristics_ch1.7"         "characteristics_ch1.8"        
[19] "characteristics_ch1.9"         "characteristics_ch1.10"       
[21] "characteristics_ch1.11"        "molecule_ch1"                 
[23] "extract_protocol_ch1"          "label_ch1"                    
[25] "label_protocol_ch1"            "taxid_ch1"                    
[27] "hyb_protocol"                  "scan_protocol"                
[29] "data_processing"               "platform_id"                  
[31] "contact_name"                  "contact_email"                
[33] "contact_phone"                 "contact_department"           
[35] "contact_institute"             "contact_address"              
[37] "contact_city"                  "contact_state"                
[39] "contact_zip/postal_code"       "contact_country"              
[41] "supplementary_file"            "data_row_count"               
[43] "%emphysema (f-950):ch1"        "%predicted dlco:ch1"          
[45] "%predicted fev1 (post-bd):ch1" "%predicted fev1 (pre-bd):ch1" 
[47] "%predicted fvc (post-bd):ch1"  "%predicted fvc (pre-bd):ch1"  
[49] "age:ch1"                       "disease state:ch1"            
[51] "gold stage:ch1"                "ild subtype:ch1"              
[53] "pneumocystis colonization:ch1" "Sex:ch1"                      
[55] "smoker?:ch1"                  
