=== Cross-cohort consistency (HSF2 vs each NET panel gene) ===
    gene liver_GSE135251_rho liver_GSE14323_rho lung_GSE47460_rho
    CAMP             -0.0559            -0.4595           -0.4568
   ELANE             -0.1919            -0.4216           -0.3475
     LTF             -0.2058             0.1763            0.4356
     MPO             -0.0253            -0.2775           -0.3204
    NCF2             -0.0535             0.3884           -0.4770
   DEFA4             -0.0900            -0.3371           -0.3280
   ITGAM             -0.0978             0.3429           -0.4759
    LCN2             -0.1278             0.1348            0.4425
   PADI4             -0.1197            -0.4963           -0.2051
 S100A12             -0.0268             0.2180           -0.1995
    CTSG             -0.2086             0.0511           -0.0481
    AZU1             -0.1414            -0.3530                NA
 lung_GSE53845_rho liver_GSE135251_FDR liver_GSE14323_FDR lung_GSE47460_FDR
           -0.5295              0.5339           1.50e-05          4.53e-07
            0.0754              0.0229           7.56e-05          1.61e-04
            0.6463              0.0180           1.03e-01          1.17e-06
           -0.4124              0.7179           9.30e-03          4.42e-04
           -0.6647              0.5339           2.76e-04          1.67e-07
           -0.0968              0.2970           1.34e-03          3.55e-04
           -0.3466              0.2779           1.25e-03          1.67e-07
            0.6548              0.1611           2.08e-01          9.20e-07
            0.1807              0.1729           3.25e-06          2.86e-02
           -0.1186              0.7179           4.38e-02          3.04e-02
           -0.0597              0.0180           6.21e-01          5.98e-01
           -0.0535              0.1281           1.01e-03                NA
 lung_GSE53845_FDR n_cohorts_tested n_cohorts_sig_FDR05 direction_consistent
          1.33e-03                4                   3                 TRUE
          7.43e-01                4                   3                FALSE
          2.65e-05                4                   3                FALSE
          1.96e-02                4                   3                 TRUE
          2.65e-05                4                   3                FALSE
          7.36e-01                4                   2                 TRUE
          5.69e-02                4                   2                FALSE
          2.65e-05                4                   2                FALSE
          4.54e-01                4                   2                FALSE
          6.99e-01                4                   2                FALSE
          7.43e-01                4                   1                FALSE
          7.43e-01                3                   1                 TRUE
 n_negative n_positive
          4          0
          3          1
          1          3
          4          0
          3          1
          4          0
          3          1
          1          3
          3          1
          3          1
          3          1
          3          0
